Playing WAVE './audio_cache/7083397632228909372.wav' : Signed 16 bit Little Endian, Rate 24000 Hz, Mono
Playing WAVE './audio_cache/3437152024766503510.wav' : Signed 16 bit Little Endian, Rate 24000 Hz, Mono
Playing WAVE './audio_cache/3437152024766503510.wav' : Signed 16 bit Little Endian, Rate 24000 Hz, Mono
Playing WAVE './audio_cache/5278527555742943322.wav' : Signed 16 bit Little Endian, Rate 24000 Hz, Mono
Playing WAVE './audio_cache/6283351093904023002.wav' : Signed 16 bit Little Endian, Rate 24000 Hz, Mono
Playing WAVE './audio_cache/8060224034487591808.wav' : Signed 16 bit Little Endian, Rate 24000 Hz, Mono
Playing WAVE './audio_cache/7083397632228909372.wav' : Signed 16 bit Little Endian, Rate 24000 Hz, Mono
Playing WAVE './audio_cache/3437152024766503510.wav' : Signed 16 bit Little Endian, Rate 24000 Hz, Mono
Playing WAVE './audio_cache/7494748887060305931.wav' : Signed 16 bit Little Endian, Rate 24000 Hz, Mono
Playing WAVE './audio_cache/3437152024766503510.wav' : Signed 16 bit Little Endian, Rate 24000 Hz, Mono
Playing WAVE './audio_cache/6283351093904023002.wav' : Signed 16 bit Little Endian, Rate 24000 Hz, Mono
Playing WAVE './audio_cache/7083397632228909372.wav' : Signed 16 bit Little Endian, Rate 24000 Hz, Mono
Playing WAVE './audio_cache/7494748887060305931.wav' : Signed 16 bit Little Endian, Rate 24000 Hz, Mono
Playing WAVE './audio_cache/3437152024766503510.wav' : Signed 16 bit Little Endian, Rate 24000 Hz, Mono
Playing WAVE './audio_cache/7083397632228909372.wav' : Signed 16 bit Little Endian, Rate 24000 Hz, Mono
Playing WAVE './audio_cache/6283351093904023002.wav' : Signed 16 bit Little Endian, Rate 24000 Hz, Mono
Playing WAVE './audio_cache/8060224034487591808.wav' : Signed 16 bit Little Endian, Rate 24000 Hz, Mono
Playing WAVE './audio_cache/6283351093904023002.wav' : Signed 16 bit Little Endian, Rate 24000 Hz, Mono
Playing WAVE './audio_cache/7083397632228909372.wav' : Signed 16 bit Little Endian, Rate 24000 Hz, Mono
Playing WAVE './audio_cache/3437152024766503510.wav' : Signed 16 bit Little Endian, Rate 24000 Hz, Mono
Playing WAVE './audio_cache/3437152024766503510.wav' : Signed 16 bit Little Endian, Rate 24000 Hz, Mono
[20:48:22] VOICEVOX Coreを初期化中...
[20:48:22] VOICEVOX モデル 1 をロード中...
[20:48:28] VOICEVOX Core 初期化完了
[20:48:28] ニュース取得中...
[20:48:29] ニュース: 総結果数 0
[20:48:29] ニュース取得エラー: "None of [Index(['publishedAt', 'title', 'url'], dtype='object')] are in the [columns]"
[20:48:29] ずんだもん対話システム起動完了！
[20:48:29] 挨拶: こんにちはなのだ！今日はいい天気なのだ！
[20:48:29] 音声生成中...
[20:48:47] 音声生成完了: こんにちはなのだ！今日はいい天気なのだ！...
[20:48:47] 再生中: 7083397632228909372.wav
[20:48:47] 音声再生: 7083397632228909372.wav
[20:48:47] ニュース取得中...
[20:48:48] ニュース: 総結果数 0
[20:48:48] ニュース取得エラー: "None of [Index(['publishedAt', 'title', 'url'], dtype='object')] are in the [columns]"
[20:48:48] ニュース提供: ニュースの取得に失敗したのだ。ごめんなさいなのだ。
[20:48:48] 音声生成中...
[20:49:10] 音声生成完了: ニュースの取得に失敗したのだ。ごめんなさ...
[20:49:10] 再生中: 3437152024766503510.wav
[20:49:10] ニュース取得中...
[20:49:10] 音声再生: 3437152024766503510.wav
[20:49:11] ニュース: 総結果数 0
[20:49:11] ニュース取得エラー: "None of [Index(['publishedAt', 'title', 'url'], dtype='object')] are in the [columns]"
[20:49:11] ニュース提供: ニュースの取得に失敗したのだ。ごめんなさいなのだ。
[20:49:11] キャッシュ使用: ニュースの取得に失敗したのだ。ごめんなさ...
[20:49:15] 再生中: 3437152024766503510.wav
[20:49:15] 音声再生: 3437152024766503510.wav
[20:49:21] 質問: ボクのこと、どう思うのだ？
[20:49:21] 応答: ボクのこと、どう思うのだ？についてはよく分からないのだ…
[20:49:21] 音声生成中...
[20:49:46] 音声生成完了: ボクのこと、どう思うのだ？についてはよく...
[20:49:46] 再生中: 5278527555742943322.wav
[20:49:46] 音声再生: 5278527555742943322.wav
[20:49:54] 挨拶: こんにちはなのだ！ボクはずんだもんなのだ！
[20:49:54] 音声生成中...
[20:50:13] 音声生成完了: こんにちはなのだ！ボクはずんだもんなのだ...
[20:50:13] 再生中: 6283351093904023002.wav
[20:50:13] 音声再生: 6283351093904023002.wav
[20:51:03] 挨拶: いらっしゃいなのだ！何かお手伝いできることはあるのだ？
[20:51:03] 音声生成中...
[20:51:26] 音声生成完了: いらっしゃいなのだ！何かお手伝いできるこ...
[20:51:26] 再生中: 8060224034487591808.wav
[20:51:26] 音声再生: 8060224034487591808.wav
[20:51:54] 挨拶: こんにちはなのだ！今日はいい天気なのだ！
[20:51:54] キャッシュ使用: こんにちはなのだ！今日はいい天気なのだ！...
[20:51:54] 再生中: 7083397632228909372.wav
[20:51:54] 音声再生: 7083397632228909372.wav
[20:52:19] ニュース取得中...
[20:52:20] ニュース: 総結果数 0
[20:52:20] ニュース取得エラー: "None of [Index(['publishedAt', 'title', 'url'], dtype='object')] are in the [columns]"
[20:52:20] ニュース提供: ニュースの取得に失敗したのだ。ごめんなさいなのだ。
[20:52:20] キャッシュ使用: ニュースの取得に失敗したのだ。ごめんなさ...
[20:52:20] 再生中: 3437152024766503510.wav
[20:52:20] 音声再生: 3437152024766503510.wav
[21:01:00] 挨拶: ずんだもんだよ！よろしくなのだ！
[21:01:00] 音声生成中...
[21:01:15] 音声生成完了: ずんだもんだよ！よろしくなのだ！...
[21:01:15] 再生中: 7494748887060305931.wav
[21:01:15] 音声再生: 7494748887060305931.wav
[21:01:15] ニュース取得中...
[21:01:17] ニュース: 総結果数 0
[21:01:17] ニュース取得エラー: "None of [Index(['publishedAt', 'title', 'url'], dtype='object')] are in the [columns]"
[21:01:17] ニュース提供: ニュースの取得に失敗したのだ。ごめんなさいなのだ。
[21:01:17] キャッシュ使用: ニュースの取得に失敗したのだ。ごめんなさ...
[21:01:18] 再生中: 3437152024766503510.wav
[21:01:18] 音声再生: 3437152024766503510.wav
[21:13:35] 挨拶: こんにちはなのだ！ボクはずんだもんなのだ！
[21:13:35] キャッシュ使用: こんにちはなのだ！ボクはずんだもんなのだ...
[21:13:35] 再生中: 6283351093904023002.wav
[21:13:35] 音声再生: 6283351093904023002.wav
[21:14:38] 挨拶: こんにちはなのだ！今日はいい天気なのだ！
[21:14:38] キャッシュ使用: こんにちはなのだ！今日はいい天気なのだ！...
[21:14:38] 再生中: 7083397632228909372.wav
[21:14:38] 音声再生: 7083397632228909372.wav
[21:16:24] 挨拶: ずんだもんだよ！よろしくなのだ！
[21:16:24] キャッシュ使用: ずんだもんだよ！よろしくなのだ！...
[21:16:24] 再生中: 7494748887060305931.wav
[21:16:24] 音声再生: 7494748887060305931.wav
[21:16:39] ニュース取得中...
[21:16:39] ニュース: 総結果数 0
[21:16:39] ニュース取得エラー: "None of [Index(['publishedAt', 'title', 'url'], dtype='object')] are in the [columns]"
[21:16:39] ニュース提供: ニュースの取得に失敗したのだ。ごめんなさいなのだ。
[21:16:39] キャッシュ使用: ニュースの取得に失敗したのだ。ごめんなさ...
[21:16:39] 再生中: 3437152024766503510.wav
[21:16:39] 音声再生: 3437152024766503510.wav
[21:20:30] 挨拶: こんにちはなのだ！今日はいい天気なのだ！
[21:20:30] キャッシュ使用: こんにちはなのだ！今日はいい天気なのだ！...
[21:20:30] 再生中: 7083397632228909372.wav
[21:20:30] 音声再生: 7083397632228909372.wav
[21:22:52] 挨拶: こんにちはなのだ！ボクはずんだもんなのだ！
[21:22:52] キャッシュ使用: こんにちはなのだ！ボクはずんだもんなのだ...
[21:22:52] 再生中: 6283351093904023002.wav
[21:22:52] 音声再生: 6283351093904023002.wav
[21:24:02] 挨拶: いらっしゃいなのだ！何かお手伝いできることはあるのだ？
[21:24:02] キャッシュ使用: いらっしゃいなのだ！何かお手伝いできるこ...
[21:24:02] 再生中: 8060224034487591808.wav
[21:24:02] 音声再生: 8060224034487591808.wav
[21:35:46] 挨拶: こんにちはなのだ！ボクはずんだもんなのだ！
[21:35:46] キャッシュ使用: こんにちはなのだ！ボクはずんだもんなのだ...
[21:35:46] 再生中: 6283351093904023002.wav
[21:35:46] 音声再生: 6283351093904023002.wav
[21:38:28] 挨拶: こんにちはなのだ！今日はいい天気なのだ！
[21:38:28] キャッシュ使用: こんにちはなのだ！今日はいい天気なのだ！...
[21:38:28] 再生中: 7083397632228909372.wav
[21:38:28] 音声再生: 7083397632228909372.wav
[21:38:43] ニュース取得中...
[21:38:46] ニュース: 総結果数 0
[21:38:46] ニュース取得エラー: "None of [Index(['publishedAt', 'title', 'url'], dtype='object')] are in the [columns]"
[21:38:46] ニュース提供: ニュースの取得に失敗したのだ。ごめんなさいなのだ。
[21:38:46] キャッシュ使用: ニュースの取得に失敗したのだ。ごめんなさ...
[21:38:46] 再生中: 3437152024766503510.wav
[21:38:46] 音声再生: 3437152024766503510.wav
[21:38:58] ニュース取得中...
[21:38:59] ニュース: 総結果数 0
[21:38:59] ニュース取得エラー: "None of [Index(['publishedAt', 'title', 'url'], dtype='object')] are in the [columns]"
[21:38:59] ニュース提供: ニュースの取得に失敗したのだ。ごめんなさいなのだ。
[21:38:59] キャッシュ使用: ニュースの取得に失敗したのだ。ごめんなさ...
[21:38:59] 再生中: 3437152024766503510.wav
[21:38:59] 音声再生: 3437152024766503510.wav
[21:39:13] ニュース取得中...
[21:39:16] ニュース: 総結果数 0
Playing WAVE './audio_cache/3437152024766503510.wav' : Signed 16 bit Little Endian, Rate 24000 Hz, Mono
Playing WAVE './audio_cache/5483109999298761573.wav' : Signed 16 bit Little Endian, Rate 24000 Hz, Mono
Playing WAVE './audio_cache/17271037043046254.wav' : Signed 16 bit Little Endian, Rate 24000 Hz, Mono
Playing WAVE './audio_cache/17271037043046254.wav' : Signed 16 bit Little Endian, Rate 24000 Hz, Mono
Playing WAVE './audio_cache/284488199470003986.wav' : Signed 16 bit Little Endian, Rate 24000 Hz, Mono
Playing WAVE './audio_cache/284488199470003986.wav' : Signed 16 bit Little Endian, Rate 24000 Hz, Mono
Playing WAVE './audio_cache/7494748887060305931.wav' : Signed 16 bit Little Endian, Rate 24000 Hz, Mono
Playing WAVE './audio_cache/5483109999298761573.wav' : Signed 16 bit Little Endian, Rate 24000 Hz, Mono
Playing WAVE './audio_cache/5483109999298761573.wav' : Signed 16 bit Little Endian, Rate 24000 Hz, Mono
Playing WAVE './audio_cache/6182975204514759676.wav' : Signed 16 bit Little Endian, Rate 24000 Hz, Mono
Playing WAVE './audio_cache/5483109999298761573.wav' : Signed 16 bit Little Endian, Rate 24000 Hz, Mono
Playing WAVE './audio_cache/6182975204514759676.wav' : Signed 16 bit Little Endian, Rate 24000 Hz, Mono
Playing WAVE './audio_cache/17271037043046254.wav' : Signed 16 bit Little Endian, Rate 24000 Hz, Mono
Playing WAVE './audio_cache/2877327657818976822.wav' : Signed 16 bit Little Endian, Rate 24000 Hz, Mono
Playing WAVE './audio_cache/17271037043046254.wav' : Signed 16 bit Little Endian, Rate 24000 Hz, Mono
Playing WAVE './audio_cache/5483109999298761573.wav' : Signed 16 bit Little Endian, Rate 24000 Hz, Mono
Playing WAVE './audio_cache/2877327657818976822.wav' : Signed 16 bit Little Endian, Rate 24000 Hz, Mono
Playing WAVE './audio_cache/17271037043046254.wav' : Signed 16 bit Little Endian, Rate 24000 Hz, Mono
Playing WAVE './audio_cache/2877327657818976822.wav' : Signed 16 bit Little Endian, Rate 24000 Hz, Mono
Playing WAVE './audio_cache/6182975204514759676.wav' : Signed 16 bit Little Endian, Rate 24000 Hz, Mono
Playing WAVE './audio_cache/6182975204514759676.wav' : Signed 16 bit Little Endian, Rate 24000 Hz, Mono
Playing WAVE './audio_cache/5020402331740744563.wav' : Signed 16 bit Little Endian, Rate 24000 Hz, Mono
Playing WAVE './audio_cache/6182975204514759676.wav' : Signed 16 bit Little Endian, Rate 24000 Hz, Mono
Playing WAVE './audio_cache/2877327657818976822.wav' : Signed 16 bit Little Endian, Rate 24000 Hz, Mono
Playing WAVE './audio_cache/2877327657818976822.wav' : Signed 16 bit Little Endian, Rate 24000 Hz, Mono
Playing WAVE './audio_cache/6182975204514759676.wav' : Signed 16 bit Little Endian, Rate 24000 Hz, Mono
Playing WAVE './audio_cache/17271037043046254.wav' : Signed 16 bit Little Endian, Rate 24000 Hz, Mono
Playing WAVE './audio_cache/5020402331740744563.wav' : Signed 16 bit Little Endian, Rate 24000 Hz, Mono
Playing WAVE './audio_cache/17271037043046254.wav' : Signed 16 bit Little Endian, Rate 24000 Hz, Mono
Playing WAVE './audio_cache/6182975204514759676.wav' : Signed 16 bit Little Endian, Rate 24000 Hz, Mono
Playing WAVE './audio_cache/2877327657818976822.wav' : Signed 16 bit Little Endian, Rate 24000 Hz, Mono
Playing WAVE './audio_cache/2877327657818976822.wav' : Signed 16 bit Little Endian, Rate 24000 Hz, Mono
Playing WAVE './audio_cache/17271037043046254.wav' : Signed 16 bit Little Endian, Rate 24000 Hz, Mono
[21:39:16] ニュース取得エラー: "None of [Index(['publishedAt', 'title', 'url'], dtype='object')] are in the [columns]"
[21:39:16] ニュース提供: ニュースの取得に失敗したのだ。ごめんなさいなのだ。
[21:39:16] キャッシュ使用: ニュースの取得に失敗したのだ。ごめんなさ...
[21:39:16] 再生中: 3437152024766503510.wav
[21:39:16] 音声再生: 3437152024766503510.wav
[21:53:50] 独り言: 何か面白いことがあったのだ？
[21:53:50] 音声生成中...
[21:54:04] 音声生成完了: 何か面白いことがあったのだ？...
[21:54:04] 再生中: 5483109999298761573.wav
[21:54:04] 音声再生: 5483109999298761573.wav
[22:08:44] 独り言: プログラミング楽しいのだ！
[22:08:44] 音声生成中...
[22:08:56] 音声生成完了: プログラミング楽しいのだ！...
[22:08:56] 再生中: 17271037043046254.wav
[22:08:56] 音声再生: 17271037043046254.wav
[22:23:51] 独り言: プログラミング楽しいのだ！
[22:23:51] キャッシュ使用: プログラミング楽しいのだ！...
[22:23:51] 再生中: 17271037043046254.wav
[22:23:51] 音声再生: 17271037043046254.wav
[22:37:42] 挨拶: わーい！お客さんが来たのだ！
[22:37:42] 音声生成中...
[22:37:58] 音声生成完了: わーい！お客さんが来たのだ！...
[22:37:58] 再生中: 284488199470003986.wav
[22:37:58] 音声再生: 284488199470003986.wav
[22:39:04] 挨拶: わーい！お客さんが来たのだ！
[22:39:04] キャッシュ使用: わーい！お客さんが来たのだ！...
[22:39:04] 再生中: 284488199470003986.wav
[22:39:04] 音声再生: 284488199470003986.wav
[22:39:35] 挨拶: ずんだもんだよ！よろしくなのだ！
[22:39:35] キャッシュ使用: ずんだもんだよ！よろしくなのだ！...
[22:39:35] 再生中: 7494748887060305931.wav
[22:39:35] 音声再生: 7494748887060305931.wav
[22:54:24] 独り言: 何か面白いことがあったのだ？
[22:54:24] キャッシュ使用: 何か面白いことがあったのだ？...
[22:54:24] 再生中: 5483109999298761573.wav
[22:54:24] 音声再生: 5483109999298761573.wav
[23:09:18] 独り言: 何か面白いことがあったのだ？
[23:09:18] キャッシュ使用: 何か面白いことがあったのだ？...
[23:09:18] 再生中: 5483109999298761573.wav
[23:09:18] 音声再生: 5483109999298761573.wav
[23:24:16] 独り言: ボクはずんだもちが大好きなのだ！
[23:24:16] 音声生成中...
[23:24:31] 音声生成完了: ボクはずんだもちが大好きなのだ！...
[23:24:31] 再生中: 6182975204514759676.wav
[23:24:31] 音声再生: 6182975204514759676.wav
[23:39:23] 独り言: 何か面白いことがあったのだ？
[23:39:23] キャッシュ使用: 何か面白いことがあったのだ？...
[23:39:23] 再生中: 5483109999298761573.wav
[23:39:23] 音声再生: 5483109999298761573.wav
[23:54:10] 独り言: ボクはずんだもちが大好きなのだ！
[23:54:10] キャッシュ使用: ボクはずんだもちが大好きなのだ！...
[23:54:10] 再生中: 6182975204514759676.wav
[23:54:10] 音声再生: 6182975204514759676.wav
[00:08:58] 独り言: プログラミング楽しいのだ！
[00:08:58] キャッシュ使用: プログラミング楽しいのだ！...
[00:08:58] 再生中: 17271037043046254.wav
[00:08:58] 音声再生: 17271037043046254.wav
[00:23:38] 独り言: 今日の天気はどうかな？
[00:23:38] 音声生成中...
[00:23:50] 音声生成完了: 今日の天気はどうかな？...
[00:23:50] 再生中: 2877327657818976822.wav
[00:23:50] 音声再生: 2877327657818976822.wav
[00:38:31] 独り言: プログラミング楽しいのだ！
[00:38:31] キャッシュ使用: プログラミング楽しいのだ！...
[00:38:31] 再生中: 17271037043046254.wav
[00:38:31] 音声再生: 17271037043046254.wav
[00:53:03] 独り言: 何か面白いことがあったのだ？
[00:53:03] キャッシュ使用: 何か面白いことがあったのだ？...
[00:53:03] 再生中: 5483109999298761573.wav
[00:53:03] 音声再生: 5483109999298761573.wav
[01:07:37] 独り言: 今日の天気はどうかな？
[01:07:37] キャッシュ使用: 今日の天気はどうかな？...
[01:07:37] 再生中: 2877327657818976822.wav
[01:07:37] 音声再生: 2877327657818976822.wav
[01:22:12] 独り言: プログラミング楽しいのだ！
[01:22:12] キャッシュ使用: プログラミング楽しいのだ！...
[01:22:12] 再生中: 17271037043046254.wav
[01:22:12] 音声再生: 17271037043046254.wav
[01:36:44] 独り言: 今日の天気はどうかな？
[01:36:44] キャッシュ使用: 今日の天気はどうかな？...
[01:36:44] 再生中: 2877327657818976822.wav
[01:36:44] 音声再生: 2877327657818976822.wav
[01:51:07] 独り言: ボクはずんだもちが大好きなのだ！
[01:51:07] キャッシュ使用: ボクはずんだもちが大好きなのだ！...
[01:51:07] 再生中: 6182975204514759676.wav
[01:51:07] 音声再生: 6182975204514759676.wav
[02:05:27] 独り言: ボクはずんだもちが大好きなのだ！
[02:05:27] キャッシュ使用: ボクはずんだもちが大好きなのだ！...
[02:05:27] 再生中: 6182975204514759676.wav
[02:05:27] 音声再生: 6182975204514759676.wav
[02:19:55] 独り言: 何か質問があれば言ってほしいのだ
[02:19:55] 音声生成中...
[02:20:11] 音声生成完了: 何か質問があれば言ってほしいのだ...
[02:20:11] 再生中: 5020402331740744563.wav
[02:20:11] 音声再生: 5020402331740744563.wav
[02:34:27] 独り言: ボクはずんだもちが大好きなのだ！
[02:34:27] キャッシュ使用: ボクはずんだもちが大好きなのだ！...
[02:34:27] 再生中: 6182975204514759676.wav
[02:34:27] 音声再生: 6182975204514759676.wav
[02:48:46] 独り言: 今日の天気はどうかな？
[02:48:46] キャッシュ使用: 今日の天気はどうかな？...
[02:48:46] 再生中: 2877327657818976822.wav
[02:48:46] 音声再生: 2877327657818976822.wav
[03:03:01] 独り言: 今日の天気はどうかな？
[03:03:01] キャッシュ使用: 今日の天気はどうかな？...
[03:03:01] 再生中: 2877327657818976822.wav
[03:03:01] 音声再生: 2877327657818976822.wav
[03:17:15] 独り言: ボクはずんだもちが大好きなのだ！
[03:17:15] キャッシュ使用: ボクはずんだもちが大好きなのだ！...
[03:17:15] 再生中: 6182975204514759676.wav
[03:17:15] 音声再生: 6182975204514759676.wav
[03:31:29] 独り言: プログラミング楽しいのだ！
[03:31:29] キャッシュ使用: プログラミング楽しいのだ！...
[03:31:29] 再生中: 17271037043046254.wav
[03:31:29] 音声再生: 17271037043046254.wav
[03:45:48] 独り言: 何か質問があれば言ってほしいのだ
[03:45:48] キャッシュ使用: 何か質問があれば言ってほしいのだ...
[03:45:48] 再生中: 5020402331740744563.wav
[03:45:48] 音声再生: 5020402331740744563.wav
[03:59:44] 独り言: プログラミング楽しいのだ！
[03:59:44] キャッシュ使用: プログラミング楽しいのだ！...
[03:59:44] 再生中: 17271037043046254.wav
[03:59:44] 音声再生: 17271037043046254.wav
[04:13:33] 独り言: ボクはずんだもちが大好きなのだ！
[04:13:33] キャッシュ使用: ボクはずんだもちが大好きなのだ！...
[04:13:33] 再生中: 6182975204514759676.wav
[04:13:33] 音声再生: 6182975204514759676.wav
[04:27:14] 独り言: 今日の天気はどうかな？
[04:27:14] キャッシュ使用: 今日の天気はどうかな？...
[04:27:14] 再生中: 2877327657818976822.wav
[04:27:14] 音声再生: 2877327657818976822.wav
[04:40:54] 独り言: 今日の天気はどうかな？
[04:40:54] キャッシュ使用: 今日の天気はどうかな？...
[04:40:54] 再生中: 2877327657818976822.wav
[04:40:54] 音声再生: 2877327657818976822.wav
[04:54:49] 独り言: プログラミング楽しいのだ！
[04:54:49] キャッシュ使用: プログラミング楽しいのだ！...
[04:54:49] 再生中: 17271037043046254.wav
[04:54:49] 音声再生: 17271037043046254.wav
Playing WAVE './audio_cache/2877327657818976822.wav' : Signed 16 bit Little Endian, Rate 24000 Hz, Mono
Playing WAVE './audio_cache/5020402331740744563.wav' : Signed 16 bit Little Endian, Rate 24000 Hz, Mono
Playing WAVE './audio_cache/2877327657818976822.wav' : Signed 16 bit Little Endian, Rate 24000 Hz, Mono
Playing WAVE './audio_cache/6182975204514759676.wav' : Signed 16 bit Little Endian, Rate 24000 Hz, Mono
Playing WAVE './audio_cache/17271037043046254.wav' : Signed 16 bit Little Endian, Rate 24000 Hz, Mono
Playing WAVE './audio_cache/2877327657818976822.wav' : Signed 16 bit Little Endian, Rate 24000 Hz, Mono
Playing WAVE './audio_cache/5483109999298761573.wav' : Signed 16 bit Little Endian, Rate 24000 Hz, Mono
Playing WAVE './audio_cache/5020402331740744563.wav' : Signed 16 bit Little Endian, Rate 24000 Hz, Mono
Playing WAVE './audio_cache/17271037043046254.wav' : Signed 16 bit Little Endian, Rate 24000 Hz, Mono
Playing WAVE './audio_cache/7494748887060305931.wav' : Signed 16 bit Little Endian, Rate 24000 Hz, Mono
Playing WAVE './audio_cache/3437152024766503510.wav' : Signed 16 bit Little Endian, Rate 24000 Hz, Mono
Playing WAVE './audio_cache/2877327657818976822.wav' : Signed 16 bit Little Endian, Rate 24000 Hz, Mono
Playing WAVE './audio_cache/5020402331740744563.wav' : Signed 16 bit Little Endian, Rate 24000 Hz, Mono
Playing WAVE './audio_cache/284488199470003986.wav' : Signed 16 bit Little Endian, Rate 24000 Hz, Mono
Playing WAVE './audio_cache/6182975204514759676.wav' : Signed 16 bit Little Endian, Rate 24000 Hz, Mono
Playing WAVE './audio_cache/6182975204514759676.wav' : Signed 16 bit Little Endian, Rate 24000 Hz, Mono
Playing WAVE './audio_cache/5020402331740744563.wav' : Signed 16 bit Little Endian, Rate 24000 Hz, Mono
Playing WAVE './audio_cache/2877327657818976822.wav' : Signed 16 bit Little Endian, Rate 24000 Hz, Mono
Playing WAVE './audio_cache/2877327657818976822.wav' : Signed 16 bit Little Endian, Rate 24000 Hz, Mono
Playing WAVE './audio_cache/17271037043046254.wav' : Signed 16 bit Little Endian, Rate 24000 Hz, Mono
Playing WAVE './audio_cache/284488199470003986.wav' : Signed 16 bit Little Endian, Rate 24000 Hz, Mono
Playing WAVE './audio_cache/8060224034487591808.wav' : Signed 16 bit Little Endian, Rate 24000 Hz, Mono
Playing WAVE './audio_cache/2877327657818976822.wav' : Signed 16 bit Little Endian, Rate 24000 Hz, Mono
Playing WAVE './audio_cache/17271037043046254.wav' : Signed 16 bit Little Endian, Rate 24000 Hz, Mono
Playing WAVE './audio_cache/8060224034487591808.wav' : Signed 16 bit Little Endian, Rate 24000 Hz, Mono
Playing WAVE './audio_cache/6283351093904023002.wav' : Signed 16 bit Little Endian, Rate 24000 Hz, Mono
Playing WAVE './audio_cache/8060224034487591808.wav' : Signed 16 bit Little Endian, Rate 24000 Hz, Mono
Playing WAVE './audio_cache/5483109999298761573.wav' : Signed 16 bit Little Endian, Rate 24000 Hz, Mono
Playing WAVE './audio_cache/5020402331740744563.wav' : Signed 16 bit Little Endian, Rate 24000 Hz, Mono
Playing WAVE './audio_cache/2877327657818976822.wav' : Signed 16 bit Little Endian, Rate 24000 Hz, Mono
Playing WAVE './audio_cache/2877327657818976822.wav' : Signed 16 bit Little Endian, Rate 24000 Hz, Mono
Playing WAVE './audio_cache/5483109999298761573.wav' : Signed 16 bit Little Endian, Rate 24000 Hz, Mono
[05:08:47] 独り言: 今日の天気はどうかな？
[05:08:47] キャッシュ使用: 今日の天気はどうかな？...
[05:08:47] 再生中: 2877327657818976822.wav
[05:08:47] 音声再生: 2877327657818976822.wav
[05:22:51] 独り言: 何か質問があれば言ってほしいのだ
[05:22:51] キャッシュ使用: 何か質問があれば言ってほしいのだ...
[05:22:51] 再生中: 5020402331740744563.wav
[05:22:51] 音声再生: 5020402331740744563.wav
[05:36:32] 独り言: 今日の天気はどうかな？
[05:36:32] キャッシュ使用: 今日の天気はどうかな？...
[05:36:32] 再生中: 2877327657818976822.wav
[05:36:32] 音声再生: 2877327657818976822.wav
[05:50:28] 独り言: ボクはずんだもちが大好きなのだ！
[05:50:28] キャッシュ使用: ボクはずんだもちが大好きなのだ！...
[05:50:28] 再生中: 6182975204514759676.wav
[05:50:28] 音声再生: 6182975204514759676.wav
[06:04:11] 独り言: プログラミング楽しいのだ！
[06:04:11] キャッシュ使用: プログラミング楽しいのだ！...
[06:04:11] 再生中: 17271037043046254.wav
[06:04:11] 音声再生: 17271037043046254.wav
[06:17:42] 独り言: 今日の天気はどうかな？
[06:17:42] キャッシュ使用: 今日の天気はどうかな？...
[06:17:42] 再生中: 2877327657818976822.wav
[06:17:42] 音声再生: 2877327657818976822.wav
[06:31:25] 独り言: 何か面白いことがあったのだ？
[06:31:25] キャッシュ使用: 何か面白いことがあったのだ？...
[06:31:25] 再生中: 5483109999298761573.wav
[06:31:25] 音声再生: 5483109999298761573.wav
[06:44:54] 独り言: 何か質問があれば言ってほしいのだ
[06:44:54] キャッシュ使用: 何か質問があれば言ってほしいのだ...
[06:44:54] 再生中: 5020402331740744563.wav
[06:44:54] 音声再生: 5020402331740744563.wav
[06:58:15] 独り言: プログラミング楽しいのだ！
[06:58:15] キャッシュ使用: プログラミング楽しいのだ！...
[06:58:15] 再生中: 17271037043046254.wav
[06:58:15] 音声再生: 17271037043046254.wav
[07:04:15] 挨拶: ずんだもんだよ！よろしくなのだ！
[07:04:15] キャッシュ使用: ずんだもんだよ！よろしくなのだ！...
[07:04:15] 再生中: 7494748887060305931.wav
[07:04:15] 音声再生: 7494748887060305931.wav
[07:04:31] ニュース取得中...
[07:04:32] ニュース: 総結果数 0
[07:04:32] ニュース取得エラー: "None of [Index(['publishedAt', 'title', 'url'], dtype='object')] are in the [columns]"
[07:04:32] ニュース提供: ニュースの取得に失敗したのだ。ごめんなさいなのだ。
[07:04:32] キャッシュ使用: ニュースの取得に失敗したのだ。ごめんなさ...
[07:04:32] 再生中: 3437152024766503510.wav
[07:04:32] 音声再生: 3437152024766503510.wav
[07:17:49] 独り言: 今日の天気はどうかな？
[07:17:49] キャッシュ使用: 今日の天気はどうかな？...
[07:17:49] 再生中: 2877327657818976822.wav
[07:17:49] 音声再生: 2877327657818976822.wav
[07:30:49] 独り言: 何か質問があれば言ってほしいのだ
[07:30:49] キャッシュ使用: 何か質問があれば言ってほしいのだ...
[07:30:49] 再生中: 5020402331740744563.wav
[07:30:49] 音声再生: 5020402331740744563.wav
[07:36:18] 挨拶: わーい！お客さんが来たのだ！
[07:36:18] キャッシュ使用: わーい！お客さんが来たのだ！...
[07:36:18] 再生中: 284488199470003986.wav
[07:36:18] 音声再生: 284488199470003986.wav
[07:49:19] 独り言: ボクはずんだもちが大好きなのだ！
[07:49:19] キャッシュ使用: ボクはずんだもちが大好きなのだ！...
[07:49:19] 再生中: 6182975204514759676.wav
[07:49:19] 音声再生: 6182975204514759676.wav
[08:02:01] 独り言: ボクはずんだもちが大好きなのだ！
[08:02:01] キャッシュ使用: ボクはずんだもちが大好きなのだ！...
[08:02:01] 再生中: 6182975204514759676.wav
[08:02:01] 音声再生: 6182975204514759676.wav
[08:14:52] 独り言: 何か質問があれば言ってほしいのだ
[08:14:52] キャッシュ使用: 何か質問があれば言ってほしいのだ...
[08:14:52] 再生中: 5020402331740744563.wav
[08:14:52] 音声再生: 5020402331740744563.wav
[08:28:15] 独り言: 今日の天気はどうかな？
[08:28:15] キャッシュ使用: 今日の天気はどうかな？...
[08:28:15] 再生中: 2877327657818976822.wav
[08:28:15] 音声再生: 2877327657818976822.wav
[08:41:49] 独り言: 今日の天気はどうかな？
[08:41:49] キャッシュ使用: 今日の天気はどうかな？...
[08:41:49] 再生中: 2877327657818976822.wav
[08:41:49] 音声再生: 2877327657818976822.wav
[08:56:04] 独り言: プログラミング楽しいのだ！
[08:56:04] キャッシュ使用: プログラミング楽しいのだ！...
[08:56:04] 再生中: 17271037043046254.wav
[08:56:04] 音声再生: 17271037043046254.wav
[09:09:43] 挨拶: わーい！お客さんが来たのだ！
[09:09:43] キャッシュ使用: わーい！お客さんが来たのだ！...
[09:09:43] 再生中: 284488199470003986.wav
[09:09:43] 音声再生: 284488199470003986.wav
[09:10:35] 挨拶: いらっしゃいなのだ！何かお手伝いできることはあるのだ？
[09:10:35] キャッシュ使用: いらっしゃいなのだ！何かお手伝いできるこ...
[09:10:35] 再生中: 8060224034487591808.wav
[09:10:35] 音声再生: 8060224034487591808.wav
[09:24:54] 独り言: 今日の天気はどうかな？
[09:24:54] キャッシュ使用: 今日の天気はどうかな？...
[09:24:54] 再生中: 2877327657818976822.wav
[09:24:54] 音声再生: 2877327657818976822.wav
[09:39:04] 独り言: プログラミング楽しいのだ！
[09:39:04] キャッシュ使用: プログラミング楽しいのだ！...
[09:39:04] 再生中: 17271037043046254.wav
[09:39:04] 音声再生: 17271037043046254.wav
[09:42:46] 挨拶: いらっしゃいなのだ！何かお手伝いできることはあるのだ？
[09:42:46] キャッシュ使用: いらっしゃいなのだ！何かお手伝いできるこ...
[09:42:46] 再生中: 8060224034487591808.wav
[09:42:46] 音声再生: 8060224034487591808.wav
[09:43:54] 挨拶: こんにちはなのだ！ボクはずんだもんなのだ！
[09:43:54] キャッシュ使用: こんにちはなのだ！ボクはずんだもんなのだ...
[09:43:54] 再生中: 6283351093904023002.wav
[09:43:54] 音声再生: 6283351093904023002.wav
[09:53:19] 挨拶: いらっしゃいなのだ！何かお手伝いできることはあるのだ？
[09:53:19] キャッシュ使用: いらっしゃいなのだ！何かお手伝いできるこ...
[09:53:19] 再生中: 8060224034487591808.wav
[09:53:19] 音声再生: 8060224034487591808.wav
[10:07:48] 独り言: 何か面白いことがあったのだ？
[10:07:48] キャッシュ使用: 何か面白いことがあったのだ？...
[10:07:48] 再生中: 5483109999298761573.wav
[10:07:48] 音声再生: 5483109999298761573.wav
[10:21:59] 独り言: 何か質問があれば言ってほしいのだ
[10:21:59] キャッシュ使用: 何か質問があれば言ってほしいのだ...
[10:21:59] 再生中: 5020402331740744563.wav
[10:21:59] 音声再生: 5020402331740744563.wav
[10:36:41] 独り言: 今日の天気はどうかな？
[10:36:41] キャッシュ使用: 今日の天気はどうかな？...
[10:36:41] 再生中: 2877327657818976822.wav
[10:36:41] 音声再生: 2877327657818976822.wav
[10:51:23] 独り言: 今日の天気はどうかな？
[10:51:23] キャッシュ使用: 今日の天気はどうかな？...
[10:51:23] 再生中: 2877327657818976822.wav
[10:51:23] 音声再生: 2877327657818976822.wav
[11:06:11] 独り言: 何か面白いことがあったのだ？
[11:06:11] キャッシュ使用: 何か面白いことがあったのだ？...
[11:06:11] 再生中: 5483109999298761573.wav
[11:06:11] 音声再生: 5483109999298761573.wav
[11:07:33] 挨拶: こんにちはなのだ！ボクはずんだもんなのだ！
Playing WAVE './audio_cache/6283351093904023002.wav' : Signed 16 bit Little Endian, Rate 24000 Hz, Mono
Playing WAVE './audio_cache/3437152024766503510.wav' : Signed 16 bit Little Endian, Rate 24000 Hz, Mono
Playing WAVE './audio_cache/7083397632228909372.wav' : Signed 16 bit Little Endian, Rate 24000 Hz, Mono
Playing WAVE './audio_cache/6182975204514759676.wav' : Signed 16 bit Little Endian, Rate 24000 Hz, Mono
Playing WAVE './audio_cache/2877327657818976822.wav' : Signed 16 bit Little Endian, Rate 24000 Hz, Mono
Playing WAVE './audio_cache/17271037043046254.wav' : Signed 16 bit Little Endian, Rate 24000 Hz, Mono
Playing WAVE './audio_cache/2877327657818976822.wav' : Signed 16 bit Little Endian, Rate 24000 Hz, Mono
Playing WAVE './audio_cache/2877327657818976822.wav' : Signed 16 bit Little Endian, Rate 24000 Hz, Mono
Playing WAVE './audio_cache/5483109999298761573.wav' : Signed 16 bit Little Endian, Rate 24000 Hz, Mono
Playing WAVE './audio_cache/5483109999298761573.wav' : Signed 16 bit Little Endian, Rate 24000 Hz, Mono
Playing WAVE './audio_cache/6182975204514759676.wav' : Signed 16 bit Little Endian, Rate 24000 Hz, Mono
Playing WAVE './audio_cache/5020402331740744563.wav' : Signed 16 bit Little Endian, Rate 24000 Hz, Mono
Playing WAVE './audio_cache/284488199470003986.wav' : Signed 16 bit Little Endian, Rate 24000 Hz, Mono
Playing WAVE './audio_cache/2877327657818976822.wav' : Signed 16 bit Little Endian, Rate 24000 Hz, Mono
Playing WAVE './audio_cache/284488199470003986.wav' : Signed 16 bit Little Endian, Rate 24000 Hz, Mono
Playing WAVE './audio_cache/3437152024766503510.wav' : Signed 16 bit Little Endian, Rate 24000 Hz, Mono
Playing WAVE './audio_cache/97577150297248909.wav' : Signed 16 bit Little Endian, Rate 24000 Hz, Mono
Playing WAVE './audio_cache/7494748887060305931.wav' : Signed 16 bit Little Endian, Rate 24000 Hz, Mono
Playing WAVE './audio_cache/6025211030095389058.wav' : Signed 16 bit Little Endian, Rate 24000 Hz, Mono
Playing WAVE './audio_cache/7083397632228909372.wav' : Signed 16 bit Little Endian, Rate 24000 Hz, Mono
Playing WAVE './audio_cache/8348742849632282920.wav' : Signed 16 bit Little Endian, Rate 24000 Hz, Mono
Playing WAVE './audio_cache/3437152024766503510.wav' : Signed 16 bit Little Endian, Rate 24000 Hz, Mono
Playing WAVE './audio_cache/7111854638196801849.wav' : Signed 16 bit Little Endian, Rate 24000 Hz, Mono
Playing WAVE './audio_cache/8060224034487591808.wav' : Signed 16 bit Little Endian, Rate 24000 Hz, Mono
Playing WAVE './audio_cache/7042821596856550119.wav' : Signed 16 bit Little Endian, Rate 24000 Hz, Mono
Playing WAVE './audio_cache/3437152024766503510.wav' : Signed 16 bit Little Endian, Rate 24000 Hz, Mono
[11:07:33] キャッシュ使用: こんにちはなのだ！ボクはずんだもんなのだ...
[11:07:33] 再生中: 6283351093904023002.wav
[11:07:33] 音声再生: 6283351093904023002.wav
[11:08:02] ニュース取得中...
[11:08:04] ニュース: 総結果数 0
[11:08:04] ニュース取得エラー: "None of [Index(['publishedAt', 'title', 'url'], dtype='object')] are in the [columns]"
[11:08:04] ニュース提供: ニュースの取得に失敗したのだ。ごめんなさいなのだ。
[11:08:04] キャッシュ使用: ニュースの取得に失敗したのだ。ごめんなさ...
[11:08:04] 再生中: 3437152024766503510.wav
[11:08:04] 音声再生: 3437152024766503510.wav
[11:08:45] 挨拶: こんにちはなのだ！今日はいい天気なのだ！
[11:08:45] キャッシュ使用: こんにちはなのだ！今日はいい天気なのだ！...
[11:08:45] 再生中: 7083397632228909372.wav
[11:08:45] 音声再生: 7083397632228909372.wav
[11:21:14] 独り言: ボクはずんだもちが大好きなのだ！
[11:21:14] キャッシュ使用: ボクはずんだもちが大好きなのだ！...
[11:21:14] 再生中: 6182975204514759676.wav
[11:21:14] 音声再生: 6182975204514759676.wav
[11:33:55] 独り言: 今日の天気はどうかな？
[11:33:55] キャッシュ使用: 今日の天気はどうかな？...
[11:33:55] 再生中: 2877327657818976822.wav
[11:33:55] 音声再生: 2877327657818976822.wav
[11:46:48] 独り言: プログラミング楽しいのだ！
[11:46:48] キャッシュ使用: プログラミング楽しいのだ！...
[11:46:48] 再生中: 17271037043046254.wav
[11:46:48] 音声再生: 17271037043046254.wav
[11:59:45] 独り言: 今日の天気はどうかな？
[11:59:45] キャッシュ使用: 今日の天気はどうかな？...
[11:59:45] 再生中: 2877327657818976822.wav
[11:59:45] 音声再生: 2877327657818976822.wav
[12:12:09] 独り言: 今日の天気はどうかな？
[12:12:09] キャッシュ使用: 今日の天気はどうかな？...
[12:12:09] 再生中: 2877327657818976822.wav
[12:12:09] 音声再生: 2877327657818976822.wav
[12:24:35] 独り言: 何か面白いことがあったのだ？
[12:24:35] キャッシュ使用: 何か面白いことがあったのだ？...
[12:24:35] 再生中: 5483109999298761573.wav
[12:24:35] 音声再生: 5483109999298761573.wav
[12:37:26] 独り言: 何か面白いことがあったのだ？
[12:37:26] キャッシュ使用: 何か面白いことがあったのだ？...
[12:37:26] 再生中: 5483109999298761573.wav
[12:37:26] 音声再生: 5483109999298761573.wav
[12:50:18] 独り言: ボクはずんだもちが大好きなのだ！
[12:50:18] キャッシュ使用: ボクはずんだもちが大好きなのだ！...
[12:50:18] 再生中: 6182975204514759676.wav
[12:50:18] 音声再生: 6182975204514759676.wav
[13:03:07] 独り言: 何か質問があれば言ってほしいのだ
[13:03:07] キャッシュ使用: 何か質問があれば言ってほしいのだ...
[13:03:07] 再生中: 5020402331740744563.wav
[13:03:07] 音声再生: 5020402331740744563.wav
[13:09:59] 挨拶: わーい！お客さんが来たのだ！
[13:09:59] キャッシュ使用: わーい！お客さんが来たのだ！...
[13:09:59] 再生中: 284488199470003986.wav
[13:09:59] 音声再生: 284488199470003986.wav
[13:22:48] 独り言: 今日の天気はどうかな？
[13:22:48] キャッシュ使用: 今日の天気はどうかな？...
[13:22:48] 再生中: 2877327657818976822.wav
[13:22:48] 音声再生: 2877327657818976822.wav
[13:23:03] 挨拶: わーい！お客さんが来たのだ！
[13:23:03] キャッシュ使用: わーい！お客さんが来たのだ！...
[13:23:03] 再生中: 284488199470003986.wav
[13:23:03] 音声再生: 284488199470003986.wav
[13:23:23] ニュース取得中...
[13:23:23] ニュース: 総結果数 0
[13:23:23] ニュース取得エラー: "None of [Index(['publishedAt', 'title', 'url'], dtype='object')] are in the [columns]"
[13:23:23] ニュース提供: ニュースの取得に失敗したのだ。ごめんなさいなのだ。
[13:23:23] キャッシュ使用: ニュースの取得に失敗したのだ。ごめんなさ...
[13:23:23] 再生中: 3437152024766503510.wav
[13:23:23] 音声再生: 3437152024766503510.wav
[13:23:33] 質問: 好きな食べ物は何なのだ？
[13:23:33] 応答: 好きな食べ物は何なのだ？? なるほどなのだ！ボクはずんだもんなのだ
[13:23:33] 音声生成中...
[13:24:00] 音声生成完了: 好きな食べ物は何なのだ？? なるほどなの...
[13:24:00] 再生中: 97577150297248909.wav
[13:24:00] 音声再生: 97577150297248909.wav
[13:24:07] 挨拶: ずんだもんだよ！よろしくなのだ！
[13:24:07] キャッシュ使用: ずんだもんだよ！よろしくなのだ！...
[13:24:07] 再生中: 7494748887060305931.wav
[13:24:07] 音声再生: 7494748887060305931.wav
[13:24:17] 質問: 何か面白いことがあったのかな？
[13:24:17] 応答: うん、それは面白いのだ！何か面白いことがあったのかな？について考えてみたのだ
[13:24:17] 音声生成中...
[13:24:54] 音声生成完了: うん、それは面白いのだ！何か面白いことが...
[13:24:54] 再生中: 6025211030095389058.wav
[13:24:54] 音声再生: 6025211030095389058.wav
[13:24:54] 挨拶: こんにちはなのだ！今日はいい天気なのだ！
[13:24:54] キャッシュ使用: こんにちはなのだ！今日はいい天気なのだ！...
[13:25:02] 再生中: 7083397632228909372.wav
[13:25:02] 音声再生: 7083397632228909372.wav
[13:25:04] 質問: 好きな食べ物は何なのだ？
[13:25:04] 応答: わーい！好きな食べ物は何なのだ？について話せて嬉しいのだ！
[13:25:04] 音声生成中...
[13:25:32] 音声生成完了: わーい！好きな食べ物は何なのだ？について...
[13:25:32] 再生中: 8348742849632282920.wav
[13:25:32] 音声再生: 8348742849632282920.wav
[13:25:32] ニュース取得中...
[13:25:33] ニュース: 総結果数 0
[13:25:33] ニュース取得エラー: "None of [Index(['publishedAt', 'title', 'url'], dtype='object')] are in the [columns]"
[13:25:33] ニュース提供: ニュースの取得に失敗したのだ。ごめんなさいなのだ。
[13:25:33] キャッシュ使用: ニュースの取得に失敗したのだ。ごめんなさ...
[13:25:39] 再生中: 3437152024766503510.wav
[13:25:39] 音声再生: 3437152024766503510.wav
[13:25:42] 質問: 今日はどんな日だったのだ？
[13:25:42] 応答: うん、それは面白いのだ！今日はどんな日だったのだ？について考えてみたのだ
[13:25:42] 音声生成中...
[13:26:16] 音声生成完了: うん、それは面白いのだ！今日はどんな日だ...
[13:26:16] 再生中: 7111854638196801849.wav
[13:26:16] 音声再生: 7111854638196801849.wav
[13:26:16] 挨拶: いらっしゃいなのだ！何かお手伝いできることはあるのだ？
[13:26:16] キャッシュ使用: いらっしゃいなのだ！何かお手伝いできるこ...
[13:26:24] 再生中: 8060224034487591808.wav
[13:26:24] 音声再生: 8060224034487591808.wav
[13:26:26] 質問: あなたは何が好きなのだ？
[13:26:26] 応答: わーい！あなたは何が好きなのだ？について話せて嬉しいのだ！
[13:26:26] 音声生成中...
[13:26:54] 音声生成完了: わーい！あなたは何が好きなのだ？について...
[13:26:54] 再生中: 7042821596856550119.wav
[13:26:54] 音声再生: 7042821596856550119.wav
[13:26:54] ニュース取得中...
[13:26:55] ニュース: 総結果数 0
[13:26:55] ニュース取得エラー: "None of [Index(['publishedAt', 'title', 'url'], dtype='object')] are in the [columns]"
[13:26:55] ニュース提供: ニュースの取得に失敗したのだ。ごめんなさいなのだ。
[13:26:55] キャッシュ使用: ニュースの取得に失敗したのだ。ごめんなさ...
[13:27:00] 再生中: 3437152024766503510.wav
[13:27:00] 音声再生: 3437152024766503510.wav
[13:27:04] 質問: あなたは何が好きなのだ？
Playing WAVE './audio_cache/3154455490610203075.wav' : Signed 16 bit Little Endian, Rate 24000 Hz, Mono
Playing WAVE './audio_cache/3437152024766503510.wav' : Signed 16 bit Little Endian, Rate 24000 Hz, Mono
Playing WAVE './audio_cache/5278527555742943322.wav' : Signed 16 bit Little Endian, Rate 24000 Hz, Mono
Playing WAVE './audio_cache/1021514591080475369.wav' : Signed 16 bit Little Endian, Rate 24000 Hz, Mono
Playing WAVE './audio_cache/3437152024766503510.wav' : Signed 16 bit Little Endian, Rate 24000 Hz, Mono
Playing WAVE './audio_cache/3154455490610203075.wav' : Signed 16 bit Little Endian, Rate 24000 Hz, Mono
Playing WAVE './audio_cache/97577150297248909.wav' : Signed 16 bit Little Endian, Rate 24000 Hz, Mono
Playing WAVE './audio_cache/123015225299808448.wav' : Signed 16 bit Little Endian, Rate 24000 Hz, Mono
Playing WAVE './audio_cache/6283351093904023002.wav' : Signed 16 bit Little Endian, Rate 24000 Hz, Mono
Playing WAVE './audio_cache/6025211030095389058.wav' : Signed 16 bit Little Endian, Rate 24000 Hz, Mono
Playing WAVE './audio_cache/7111854638196801849.wav' : Signed 16 bit Little Endian, Rate 24000 Hz, Mono
Playing WAVE './audio_cache/7412783520674037014.wav' : Signed 16 bit Little Endian, Rate 24000 Hz, Mono
Playing WAVE './audio_cache/3437152024766503510.wav' : Signed 16 bit Little Endian, Rate 24000 Hz, Mono
Playing WAVE './audio_cache/4554060937252893115.wav' : Signed 16 bit Little Endian, Rate 24000 Hz, Mono
Playing WAVE './audio_cache/3437152024766503510.wav' : Signed 16 bit Little Endian, Rate 24000 Hz, Mono
Playing WAVE './audio_cache/5243159907870112086.wav' : Signed 16 bit Little Endian, Rate 24000 Hz, Mono
Playing WAVE './audio_cache/3437152024766503510.wav' : Signed 16 bit Little Endian, Rate 24000 Hz, Mono
Playing WAVE './audio_cache/4554060937252893115.wav' : Signed 16 bit Little Endian, Rate 24000 Hz, Mono
Playing WAVE './audio_cache/6075257380272421807.wav' : Signed 16 bit Little Endian, Rate 24000 Hz, Mono
Playing WAVE './audio_cache/284488199470003986.wav' : Signed 16 bit Little Endian, Rate 24000 Hz, Mono
[13:27:04] 応答: あなたは何が好きなのだ？についてはよく分からないのだ…
[13:27:04] 音声生成中...
[13:27:27] 音声生成完了: あなたは何が好きなのだ？についてはよく分...
[13:27:27] 再生中: 3154455490610203075.wav
[13:27:27] 音声再生: 3154455490610203075.wav
[13:27:27] ニュース取得中...
[13:27:29] ニュース: 総結果数 0
[13:27:29] ニュース取得エラー: "None of [Index(['publishedAt', 'title', 'url'], dtype='object')] are in the [columns]"
[13:27:29] ニュース提供: ニュースの取得に失敗したのだ。ごめんなさいなのだ。
[13:27:29] キャッシュ使用: ニュースの取得に失敗したのだ。ごめんなさ...
[13:27:33] 再生中: 3437152024766503510.wav
[13:27:33] 音声再生: 3437152024766503510.wav
[13:27:37] 質問: ボクのこと、どう思うのだ？
[13:27:37] 応答: ボクのこと、どう思うのだ？についてはよく分からないのだ…
[13:27:37] キャッシュ使用: ボクのこと、どう思うのだ？についてはよく...
[13:27:38] 再生中: 5278527555742943322.wav
[13:27:38] 音声再生: 5278527555742943322.wav
[13:27:48] 質問: 今日はどんな日だったのだ？
[13:27:48] 応答: 今日はどんな日だったのだ？? なるほどなのだ！ボクはずんだもんなのだ
[13:27:48] 音声生成中...
[13:28:14] 音声生成完了: 今日はどんな日だったのだ？? なるほどな...
[13:28:14] 再生中: 1021514591080475369.wav
[13:28:14] 音声再生: 1021514591080475369.wav
[13:28:14] ニュース取得中...
[13:28:16] ニュース: 総結果数 0
[13:28:16] ニュース取得エラー: "None of [Index(['publishedAt', 'title', 'url'], dtype='object')] are in the [columns]"
[13:28:16] ニュース提供: ニュースの取得に失敗したのだ。ごめんなさいなのだ。
[13:28:16] キャッシュ使用: ニュースの取得に失敗したのだ。ごめんなさ...
[13:28:20] 再生中: 3437152024766503510.wav
[13:28:20] 音声再生: 3437152024766503510.wav
[13:28:24] 質問: あなたは何が好きなのだ？
[13:28:24] 応答: あなたは何が好きなのだ？についてはよく分からないのだ…
[13:28:24] キャッシュ使用: あなたは何が好きなのだ？についてはよく分...
[13:28:25] 再生中: 3154455490610203075.wav
[13:28:25] 音声再生: 3154455490610203075.wav
[13:28:35] 質問: 好きな食べ物は何なのだ？
[13:28:35] 応答: 好きな食べ物は何なのだ？? なるほどなのだ！ボクはずんだもんなのだ
[13:28:35] キャッシュ使用: 好きな食べ物は何なのだ？? なるほどなの...
[13:28:35] 再生中: 97577150297248909.wav
[13:28:35] 音声再生: 97577150297248909.wav
[13:28:45] 質問: ボクのこと、どう思うのだ？
[13:28:45] 応答: うん、それは面白いのだ！ボクのこと、どう思うのだ？について考えてみたのだ
[13:28:45] 音声生成中...
[13:29:20] 音声生成完了: うん、それは面白いのだ！ボクのこと、どう...
[13:29:20] 再生中: 123015225299808448.wav
[13:29:20] 音声再生: 123015225299808448.wav
[13:29:20] 挨拶: こんにちはなのだ！ボクはずんだもんなのだ！
[13:29:20] キャッシュ使用: こんにちはなのだ！ボクはずんだもんなのだ...
[13:29:28] 再生中: 6283351093904023002.wav
[13:29:28] 音声再生: 6283351093904023002.wav
[13:29:30] 質問: 何か面白いことがあったのかな？
[13:29:30] 応答: うん、それは面白いのだ！何か面白いことがあったのかな？について考えてみたのだ
[13:29:30] キャッシュ使用: うん、それは面白いのだ！何か面白いことが...
[13:29:32] 再生中: 6025211030095389058.wav
[13:29:32] 音声再生: 6025211030095389058.wav
[13:29:40] 質問: 今日はどんな日だったのだ？
[13:29:40] 応答: うん、それは面白いのだ！今日はどんな日だったのだ？について考えてみたのだ
[13:29:40] キャッシュ使用: うん、それは面白いのだ！今日はどんな日だ...
[13:29:41] 再生中: 7111854638196801849.wav
[13:29:41] 音声再生: 7111854638196801849.wav
[13:29:50] 質問: 好きな食べ物は何なのだ？
[13:29:50] 応答: 好きな食べ物は何なのだ？についてはよく分からないのだ…
[13:29:50] 音声生成中...
[13:30:14] 音声生成完了: 好きな食べ物は何なのだ？についてはよく分...
[13:30:14] 再生中: 7412783520674037014.wav
[13:30:14] 音声再生: 7412783520674037014.wav
[13:30:14] ニュース取得中...
[13:30:15] ニュース: 総結果数 0
[13:30:15] ニュース取得エラー: "None of [Index(['publishedAt', 'title', 'url'], dtype='object')] are in the [columns]"
[13:30:15] ニュース提供: ニュースの取得に失敗したのだ。ごめんなさいなのだ。
[13:30:15] キャッシュ使用: ニュースの取得に失敗したのだ。ごめんなさ...
[13:30:19] 再生中: 3437152024766503510.wav
[13:30:19] 音声再生: 3437152024766503510.wav
[13:30:24] 質問: 好きな食べ物は何なのだ？
[13:30:24] 応答: ボクは好きな食べ物は何なのだ？が好きなのだ！
[13:30:24] 音声生成中...
[13:30:45] 音声生成完了: ボクは好きな食べ物は何なのだ？が好きなの...
[13:30:45] 再生中: 4554060937252893115.wav
[13:30:45] 音声再生: 4554060937252893115.wav
[13:30:45] ニュース取得中...
[13:30:46] ニュース: 総結果数 0
[13:30:46] ニュース取得エラー: "None of [Index(['publishedAt', 'title', 'url'], dtype='object')] are in the [columns]"
[13:30:46] ニュース提供: ニュースの取得に失敗したのだ。ごめんなさいなのだ。
[13:30:46] キャッシュ使用: ニュースの取得に失敗したのだ。ごめんなさ...
[13:30:50] 再生中: 3437152024766503510.wav
[13:30:50] 音声再生: 3437152024766503510.wav
[13:30:55] 質問: 何か面白いことがあったのかな？
[13:30:55] 応答: 何か面白いことがあったのかな？についてはよく分からないのだ…
[13:30:55] 音声生成中...
[13:31:21] 音声生成完了: 何か面白いことがあったのかな？については...
[13:31:21] 再生中: 5243159907870112086.wav
[13:31:21] 音声再生: 5243159907870112086.wav
[13:31:21] ニュース取得中...
[13:31:23] ニュース: 総結果数 0
[13:31:23] ニュース取得エラー: "None of [Index(['publishedAt', 'title', 'url'], dtype='object')] are in the [columns]"
[13:31:23] ニュース提供: ニュースの取得に失敗したのだ。ごめんなさいなのだ。
[13:31:23] キャッシュ使用: ニュースの取得に失敗したのだ。ごめんなさ...
[13:31:27] 再生中: 3437152024766503510.wav
[13:31:27] 音声再生: 3437152024766503510.wav
[13:31:31] 質問: 好きな食べ物は何なのだ？
[13:31:31] 応答: ボクは好きな食べ物は何なのだ？が好きなのだ！
[13:31:31] キャッシュ使用: ボクは好きな食べ物は何なのだ？が好きなの...
[13:31:32] 再生中: 4554060937252893115.wav
[13:31:32] 音声再生: 4554060937252893115.wav
[13:31:41] 質問: 何か面白いことがあったのかな？
[13:31:41] 応答: わーい！何か面白いことがあったのかな？について話せて嬉しいのだ！
[13:31:41] 音声生成中...
[13:32:12] 音声生成完了: わーい！何か面白いことがあったのかな？に...
[13:32:12] 再生中: 6075257380272421807.wav
[13:32:12] 音声再生: 6075257380272421807.wav
[13:32:12] 挨拶: わーい！お客さんが来たのだ！
[13:32:12] キャッシュ使用: わーい！お客さんが来たのだ！...
[13:32:19] 再生中: 284488199470003986.wav
[13:32:19] 音声再生: 284488199470003986.wav
[13:32:22] 質問: あなたは何が好きなのだ？
[13:32:22] 応答: あなたは何が好きなのだ？? なるほどなのだ！ボクはずんだもんなのだ
[13:32:22] 音声生成中...
[13:32:49] 音声生成完了: あなたは何が好きなのだ？? なるほどなの...
[13:32:49] 再生中: 396251587382527160.wav
Playing WAVE './audio_cache/396251587382527160.wav' : Signed 16 bit Little Endian, Rate 24000 Hz, Mono
Playing WAVE './audio_cache/3437152024766503510.wav' : Signed 16 bit Little Endian, Rate 24000 Hz, Mono
Playing WAVE './audio_cache/7666469288239564197.wav' : Signed 16 bit Little Endian, Rate 24000 Hz, Mono
Playing WAVE './audio_cache/6283351093904023002.wav' : Signed 16 bit Little Endian, Rate 24000 Hz, Mono
Playing WAVE './audio_cache/1994009446046230357.wav' : Signed 16 bit Little Endian, Rate 24000 Hz, Mono
Playing WAVE './audio_cache/3437152024766503510.wav' : Signed 16 bit Little Endian, Rate 24000 Hz, Mono
Playing WAVE './audio_cache/6075257380272421807.wav' : Signed 16 bit Little Endian, Rate 24000 Hz, Mono
Playing WAVE './audio_cache/321125260669456537.wav' : Signed 16 bit Little Endian, Rate 24000 Hz, Mono
Playing WAVE './audio_cache/3437152024766503510.wav' : Signed 16 bit Little Endian, Rate 24000 Hz, Mono
Playing WAVE './audio_cache/1021514591080475369.wav' : Signed 16 bit Little Endian, Rate 24000 Hz, Mono
Playing WAVE './audio_cache/1021514591080475369.wav' : Signed 16 bit Little Endian, Rate 24000 Hz, Mono
Playing WAVE './audio_cache/7412783520674037014.wav' : Signed 16 bit Little Endian, Rate 24000 Hz, Mono
Playing WAVE './audio_cache/5278527555742943322.wav' : Signed 16 bit Little Endian, Rate 24000 Hz, Mono
Playing WAVE './audio_cache/2983394138784299550.wav' : Signed 16 bit Little Endian, Rate 24000 Hz, Mono
Playing WAVE './audio_cache/3437152024766503510.wav' : Signed 16 bit Little Endian, Rate 24000 Hz, Mono
Playing WAVE './audio_cache/396251587382527160.wav' : Signed 16 bit Little Endian, Rate 24000 Hz, Mono
Playing WAVE './audio_cache/6025211030095389058.wav' : Signed 16 bit Little Endian, Rate 24000 Hz, Mono
Playing WAVE './audio_cache/321125260669456537.wav' : Signed 16 bit Little Endian, Rate 24000 Hz, Mono
Playing WAVE './audio_cache/2983394138784299550.wav' : Signed 16 bit Little Endian, Rate 24000 Hz, Mono
Playing WAVE './audio_cache/7412783520674037014.wav' : Signed 16 bit Little Endian, Rate 24000 Hz, Mono
Playing WAVE './audio_cache/6326493760829097724.wav' : Signed 16 bit Little Endian, Rate 24000 Hz, Mono
Playing WAVE './audio_cache/1876246940047585585.wav' : Signed 16 bit Little Endian, Rate 24000 Hz, Mono
